0 info it worked if it ends with ok
1 verbose cli [ 'C:\\Program Files\\nodejs\\node.exe',
1 verbose cli   'C:\\Program Files\\nodejs\\node_modules\\npm\\bin\\npm-cli.js',
1 verbose cli   'run',
1 verbose cli   'start-dev' ]
2 info using npm@3.10.10
3 info using node@v6.9.5
4 verbose run-script [ 'prestart-dev', 'start-dev', 'poststart-dev' ]
5 info lifecycle softrams-racing@0.0.0~prestart-dev: softrams-racing@0.0.0
6 silly lifecycle softrams-racing@0.0.0~prestart-dev: no script for prestart-dev, continuing
7 info lifecycle softrams-racing@0.0.0~start-dev: softrams-racing@0.0.0
8 verbose lifecycle softrams-racing@0.0.0~start-dev: unsafe-perm in lifecycle true
9 verbose lifecycle softrams-racing@0.0.0~start-dev: PATH: C:\Users\tviswanath\AppData\Roaming\nvm\v6.9.5\node_modules\npm\bin\node-gyp-bin;C:\Users\tviswanath\Downloads\softrams-racing-master\softrams-racing-master\node_modules\.bin;C:\app\tviswanath\product\11.2.0\client_1\bin;C:\WINDOWS\system32;C:\WINDOWS;C:\WINDOWS\System32\Wbem;C:\WINDOWS\System32\WindowsPowerShell\v1.0\;C:\Program Files\TortoiseSVN\bin;C:\Users\tviswanath\AppData\Roaming\nvm;C:\Program Files\nodejs;C:\Program Files\PuTTY\;C:\WINDOWS\System32\OpenSSH\;D:\sonar-scanner-cli-3.3.0.1492-windows\sonar-scanner-3.3.0.1492-windows\bin;C:\Users\tviswanath\AppData\Local\Programs\Microsoft VS Code\bin;C:\Users\tviswanath\.windows-build-tools\python27;C:\Users\tviswanath\AppData\Roaming\nvm;C:\Program Files\nodejs;C:\Program Files\Java\jdk1.8.0_191\bin;C:\Users\tviswanath\AppData\Local\Microsoft\WindowsApps;
10 verbose lifecycle softrams-racing@0.0.0~start-dev: CWD: C:\Users\tviswanath\Downloads\softrams-racing-master\softrams-racing-master
11 silly lifecycle softrams-racing@0.0.0~start-dev: Args: [ '/d /s /c', 'npm-run-all -p client server db' ]
12 silly lifecycle softrams-racing@0.0.0~start-dev: Returned: code: 1  signal: null
13 info lifecycle softrams-racing@0.0.0~start-dev: Failed to exec start-dev script
14 verbose stack Error: softrams-racing@0.0.0 start-dev: `npm-run-all -p client server db`
14 verbose stack Exit status 1
14 verbose stack     at EventEmitter.<anonymous> (C:\Users\tviswanath\AppData\Roaming\nvm\v6.9.5\node_modules\npm\lib\utils\lifecycle.js:255:16)
14 verbose stack     at emitTwo (events.js:106:13)
14 verbose stack     at EventEmitter.emit (events.js:191:7)
14 verbose stack     at ChildProcess.<anonymous> (C:\Users\tviswanath\AppData\Roaming\nvm\v6.9.5\node_modules\npm\lib\utils\spawn.js:40:14)
14 verbose stack     at emitTwo (events.js:106:13)
14 verbose stack     at ChildProcess.emit (events.js:191:7)
14 verbose stack     at maybeClose (internal/child_process.js:877:16)
14 verbose stack     at Process.ChildProcess._handle.onexit (internal/child_process.js:226:5)
15 verbose pkgid softrams-racing@0.0.0
16 verbose cwd C:\Users\tviswanath\Downloads\softrams-racing-master\softrams-racing-master
17 error Windows_NT 10.0.18362
18 error argv "C:\\Program Files\\nodejs\\node.exe" "C:\\Program Files\\nodejs\\node_modules\\npm\\bin\\npm-cli.js" "run" "start-dev"
19 error node v6.9.5
20 error npm  v3.10.10
21 error code ELIFECYCLE
22 error softrams-racing@0.0.0 start-dev: `npm-run-all -p client server db`
22 error Exit status 1
23 error Failed at the softrams-racing@0.0.0 start-dev script 'npm-run-all -p client server db'.
23 error Make sure you have the latest version of node.js and npm installed.
23 error If you do, this is most likely a problem with the softrams-racing package,
23 error not with npm itself.
23 error Tell the author that this fails on your system:
23 error     npm-run-all -p client server db
23 error You can get information on how to open an issue for this project with:
23 error     npm bugs softrams-racing
23 error Or if that isn't available, you can get their info via:
23 error     npm owner ls softrams-racing
23 error There is likely additional logging output above.
24 verbose exit [ 1, true ]
